<?xml version="1.0" encoding="UTF-8"?>
<testsuite xmlns:xsi="http://www.w3.org/2001/XMLSchema-instance" xsi:noNamespaceSchemaLocation="https://maven.apache.org/surefire/maven-surefire-plugin/xsd/surefire-test-report-3.0.xsd" version="3.0" name="com.stuti.limitsservice.LimitsServiceApplicationTests" time="3.01" tests="1" errors="0" skipped="0" failures="0">
  <properties>
[...]
</properties>
  <testcase name="contextLoads" classname="com.stuti.limitsservice.LimitsServiceApplicationTests" time="0.54">
    <system-out><![CDATA[13:17:54.305 [main] INFO org.springframework.test.context.support.AnnotationConfigContextLoaderUtils -- Could not detect default configuration classes for test class [com.stuti.limitsservice.LimitsServiceApplicationTests]: LimitsServiceApplicationTests does not declare any static, non-private, non-final, nested classes annotated with @Configuration.
13:17:54.367 [main] INFO org.springframework.boot.test.context.SpringBootTestContextBootstrapper -- Found @SpringBootConfiguration com.stuti.limitsservice.LimitsServiceApplication for test class com.stuti.limitsservice.LimitsServiceApplicationTests
13:17:54.461 [main] INFO org.springframework.boot.devtools.restart.RestartApplicationListener -- Restart disabled due to context in which it is running

  .   ____          _            __ _ _
 /\\ / ___'_ __ _ _(_)_ __  __ _ \ \ \ \
( ( )\___ | '_ | '_| | '_ \/ _` | \ \ \ \
 \\/  ___)| |_)| | | | | || (_| |  ) ) ) )
  '  |____| .__|_| |_|_| |_\__, | / / / /
 =========|_|==============|___/=/_/_/_/
 :: Spring Boot ::                (v3.1.6)

2023-11-24T13:17:54.937+05:30  INFO 20740 --- [           main] c.s.l.LimitsServiceApplicationTests      : Starting LimitsServiceApplicationTests using Java 18.0.2 with PID 20740 (started by megha in /Users/megha/IdeaProjects/microservices-limits-service)
2023-11-24T13:17:54.947+05:30  INFO 20740 --- [           main] c.s.l.LimitsServiceApplicationTests      : No active profile set, falling back to 1 default profile: "default"
2023-11-24T13:17:54.976+05:30  INFO 20740 --- [           main] o.s.c.c.c.ConfigServerConfigDataLoader   : Fetching config from server at : http://localhost:8888
2023-11-24T13:17:54.976+05:30  INFO 20740 --- [           main] o.s.c.c.c.ConfigServerConfigDataLoader   : Located environment: name=limits-service, profiles=[default], label=null, version=dea5c277c2aabd006a3e217e25300689df494d38, state=null
2023-11-24T13:17:56.041+05:30  INFO 20740 --- [           main] o.s.cloud.context.scope.GenericScope     : BeanFactory id=6ac382c8-1dfe-3f9a-883d-a066e36497c5
2023-11-24T13:17:56.587+05:30  INFO 20740 --- [           main] o.s.b.a.e.web.EndpointLinksResolver      : Exposing 1 endpoint(s) beneath base path '/actuator'
2023-11-24T13:17:56.628+05:30  INFO 20740 --- [           main] c.s.l.LimitsServiceApplicationTests      : Started LimitsServiceApplicationTests in 2.177 seconds (process running for 2.736)
]]></system-out>
  </testcase>
</testsuite>